<?xml version="1.0" encoding="UTF-8"?>
<!-- Generated by org.testng.reporters.JUnitReportReporter -->
<testsuite hostname="Ramya" failures="0" tests="1" name="JavaAssignments.CombinationOfSteps" time="0.007" errors="0" timestamp="2022-02-11T12:11:26 CST" skipped="0">
  <testcase classname="JavaAssignments.CombinationOfSteps" name="combinationOfSteps" time="0.007"/>
  <system-out/>
</testsuite> <!-- JavaAssignments.CombinationOfSteps -->
