<?xml version="1.0" encoding="UTF-8"?>
<!-- Generated by org.testng.reporters.JUnitReportReporter -->
<testsuite hostname="Ramya" failures="0" tests="1" name="JavaAssignments.myTest" time="0.009" errors="0" timestamp="2022-02-11T10:01:31 CST" skipped="0">
  <testcase classname="JavaAssignments.myTest" name="LoginTest" time="0.009"/>
  <system-out/>
</testsuite> <!-- JavaAssignments.myTest -->
