<?xml version="1.0" encoding="UTF-8"?>
<!-- Generated by org.testng.reporters.JUnitReportReporter -->
<testsuite hostname="Ramya" failures="0" tests="1" name="JavaAssignments.PracJavaInter" time="0.009" errors="0" timestamp="2022-02-11T12:08:34 CST" skipped="0">
  <testcase classname="JavaAssignments.PracJavaInter" name="combinationOfSteps" time="0.009"/>
  <system-out/>
</testsuite> <!-- JavaAssignments.PracJavaInter -->
