<?xml version="1.0" encoding="UTF-8"?>
<!-- Generated by org.testng.reporters.JUnitReportReporter -->
<testsuite hostname="Ramya" failures="0" tests="4" name="JavaAssignments.SearchForProducts" time="43.539" errors="0" timestamp="2022-02-11T12:11:26 CST" skipped="0">
  <testcase classname="JavaAssignments.SearchForProducts" name="loginPageTitleTest" time="10.517"/>
  <system-out/>
  <testcase classname="JavaAssignments.SearchForProducts" name="loginPageTitleTest" time="10.806"/>
  <system-out/>
  <testcase classname="JavaAssignments.SearchForProducts" name="loginPageTitleTest" time="10.457"/>
  <system-out/>
  <testcase classname="JavaAssignments.SearchForProducts" name="loginPageTitleTest" time="11.759"/>
  <system-out/>
</testsuite> <!-- JavaAssignments.SearchForProducts -->
