<?xml version="1.0" encoding="UTF-8"?>
<!-- Generated by org.testng.reporters.JUnitReportReporter -->
<testsuite hostname="Ramya" failures="0" tests="2" name="JavaAssignments.dataProvTest" time="0.008" errors="0" timestamp="2022-02-10T17:56:02 CST" skipped="0">
  <testcase classname="JavaAssignments.dataProvTest" name="myTest" time="0.001"/>
  <system-out/>
  <testcase classname="JavaAssignments.dataProvTest" name="myTest" time="0.007"/>
  <system-out/>
</testsuite> <!-- JavaAssignments.dataProvTest -->
