<?xml version="1.0" encoding="UTF-8"?>
<!-- Generated by org.testng.reporters.JUnitReportReporter -->
<testsuite hostname="Ramya" failures="0" tests="4" name="JavaAssignments.SearchBlueTooth" time="42.691" errors="0" timestamp="2022-02-11T11:49:54 CST" skipped="0">
  <testcase classname="JavaAssignments.SearchBlueTooth" name="loginPageTitleTest" time="9.916"/>
  <system-out/>
  <testcase classname="JavaAssignments.SearchBlueTooth" name="loginPageTitleTest" time="10.515"/>
  <system-out/>
  <testcase classname="JavaAssignments.SearchBlueTooth" name="loginPageTitleTest" time="11.478"/>
  <system-out/>
  <testcase classname="JavaAssignments.SearchBlueTooth" name="loginPageTitleTest" time="10.782"/>
  <system-out/>
</testsuite> <!-- JavaAssignments.SearchBlueTooth -->
